TN:
SF:src/config/index.ts
FN:59,parseFileSize
FNF:1
FNH:0
FNDA:0,parseFileSize
DA:1,0
DA:4,0
DA:6,0
DA:60,0
DA:61,0
DA:62,0
DA:63,0
DA:64,0
DA:68,0
DA:69,0
DA:72,0
LF:11
LH:0
BRDA:8,0,0,0
BRDA:8,0,1,0
BRDA:9,1,0,0
BRDA:9,1,1,0
BRDA:10,2,0,0
BRDA:10,2,1,0
BRDA:13,3,0,0
BRDA:13,3,1,0
BRDA:23,4,0,0
BRDA:23,4,1,0
BRDA:24,5,0,0
BRDA:24,5,1,0
BRDA:27,6,0,0
BRDA:27,6,1,0
BRDA:28,7,0,0
BRDA:28,7,1,0
BRDA:29,8,0,0
BRDA:29,8,1,0
BRDA:32,9,0,0
BRDA:32,9,1,0
BRDA:33,10,0,0
BRDA:33,10,1,0
BRDA:34,11,0,0
BRDA:34,11,1,0
BRDA:35,12,0,0
BRDA:35,12,1,0
BRDA:38,13,0,0
BRDA:38,13,1,0
BRDA:39,14,0,0
BRDA:39,14,1,0
BRDA:42,15,0,0
BRDA:42,15,1,0
BRDA:43,16,0,0
BRDA:43,16,1,0
BRDA:46,17,0,0
BRDA:46,17,1,0
BRDA:50,18,0,0
BRDA:50,18,1,0
BRDA:51,19,0,0
BRDA:51,19,1,0
BRDA:54,20,0,0
BRDA:54,20,1,0
BRDA:55,21,0,0
BRDA:55,21,1,0
BRDA:61,22,0,0
BRDA:62,23,0,0
BRDA:63,24,0,0
BRDA:68,25,0,0
BRDA:68,26,0,0
BRDA:68,26,1,0
BRF:50
BRH:0
end_of_record
TN:
SF:src/middleware/security.ts
FN:41,(anonymous_1)
FN:81,(anonymous_2)
FN:96,(anonymous_3)
FN:106,(anonymous_4)
FN:125,(anonymous_5)
FN:159,(anonymous_6)
FN:184,(anonymous_7)
FN:226,generateRequestId
FN:233,(anonymous_9)
FN:234,(anonymous_10)
FN:256,(anonymous_11)
FN:283,(anonymous_12)
FN:287,(anonymous_13)
FNF:13
FNH:0
FNDA:0,(anonymous_1)
FNDA:0,(anonymous_2)
FNDA:0,(anonymous_3)
FNDA:0,(anonymous_4)
FNDA:0,(anonymous_5)
FNDA:0,(anonymous_6)
FNDA:0,(anonymous_7)
FNDA:0,generateRequestId
FNDA:0,(anonymous_9)
FNDA:0,(anonymous_10)
FNDA:0,(anonymous_11)
FNDA:0,(anonymous_12)
FNDA:0,(anonymous_13)
DA:1,0
DA:3,0
DA:4,0
DA:6,0
DA:11,0
DA:30,0
DA:42,0
DA:55,0
DA:80,0
DA:83,0
DA:84,0
DA:85,0
DA:87,0
DA:96,0
DA:97,0
DA:98,0
DA:99,0
DA:100,0
DA:106,0
DA:108,0
DA:109,0
DA:112,0
DA:113,0
DA:114,0
DA:115,0
DA:116,0
DA:117,0
DA:119,0
DA:125,0
DA:127,0
DA:136,0
DA:137,0
DA:138,0
DA:140,0
DA:141,0
DA:142,0
DA:149,0
DA:153,0
DA:159,0
DA:161,0
DA:163,0
DA:166,0
DA:167,0
DA:174,0
DA:178,0
DA:184,0
DA:191,0
DA:192,0
DA:198,0
DA:205,0
DA:208,0
DA:209,0
DA:216,0
DA:220,0
DA:227,0
DA:233,0
DA:234,0
DA:235,0
DA:237,0
DA:238,0
DA:239,0
DA:246,0
DA:249,0
DA:256,0
DA:257,0
DA:258,0
DA:261,0
DA:262,0
DA:263,0
DA:266,0
DA:267,0
DA:274,0
DA:277,0
DA:283,0
DA:284,0
DA:285,0
DA:287,0
DA:288,0
DA:291,0
DA:292,0
DA:304,0
DA:307,0
LF:82
LH:0
BRDA:84,0,0,0
BRDA:84,1,0,0
BRDA:84,1,1,0
BRDA:97,2,0,0
BRDA:97,2,1,0
BRDA:138,3,0,0
BRDA:138,3,1,0
BRDA:141,4,0,0
BRDA:141,5,0,0
BRDA:141,5,1,0
BRDA:141,5,2,0
BRDA:161,6,0,0
BRDA:163,7,0,0
BRDA:163,7,1,0
BRDA:166,8,0,0
BRDA:191,9,0,0
BRDA:208,10,0,0
BRDA:208,11,0,0
BRDA:208,11,1,0
BRDA:235,12,0,0
BRDA:235,12,1,0
BRDA:235,12,2,0
BRDA:237,13,0,0
BRDA:237,14,0,0
BRDA:237,14,1,0
BRDA:258,15,0,0
BRDA:258,15,1,0
BRDA:261,16,0,0
BRDA:261,17,0,0
BRDA:261,17,1,0
BRDA:266,18,0,0
BRDA:266,19,0,0
BRDA:266,19,1,0
BRDA:291,20,0,0
BRF:34
BRH:0
end_of_record
TN:
SF:src/middleware/upload.ts
FN:9,(anonymous_1)
FN:12,(anonymous_2)
FN:20,(anonymous_3)
FN:43,(anonymous_4)
FN:86,formatFileSize
FNF:5
FNH:0
FNDA:0,(anonymous_1)
FNDA:0,(anonymous_2)
FNDA:0,(anonymous_3)
FNDA:0,(anonymous_4)
FNDA:0,formatFileSize
DA:1,0
DA:2,0
DA:3,0
DA:4,0
DA:8,0
DA:10,0
DA:13,0
DA:14,0
DA:15,0
DA:20,0
DA:21,0
DA:22,0
DA:24,0
DA:29,0
DA:40,0
DA:43,0
DA:44,0
DA:45,0
DA:47,0
DA:53,0
DA:59,0
DA:65,0
DA:73,0
DA:74,0
DA:82,0
DA:87,0
DA:88,0
DA:89,0
DA:90,0
DA:93,0
LF:30
LH:0
BRDA:21,0,0,0
BRDA:21,0,1,0
BRDA:44,1,0,0
BRDA:45,2,0,0
BRDA:45,2,1,0
BRDA:45,2,2,0
BRDA:45,2,3,0
BRDA:73,3,0,0
BRDA:88,4,0,0
BRF:9
BRH:0
end_of_record
TN:
SF:src/routes/index.ts
FN:11,(anonymous_0)
FN:16,(anonymous_1)
FN:63,(anonymous_2)
FNF:3
FNH:0
FNDA:0,(anonymous_0)
FNDA:0,(anonymous_1)
FNDA:0,(anonymous_2)
DA:1,0
DA:2,0
DA:3,0
DA:6,0
DA:11,0
DA:12,0
DA:13,0
DA:16,0
DA:17,0
DA:18,0
DA:46,0
DA:52,0
DA:53,0
DA:54,0
DA:57,0
DA:60,0
DA:63,0
DA:64,0
DA:178,0
DA:181,0
LF:20
LH:0
BRDA:21,0,0,0
BRDA:21,0,1,0
BRDA:25,1,0,0
BRDA:25,1,1,0
BRF:4
BRH:0
end_of_record
TN:
SF:src/services/audioProcessingService.ts
FN:12,(anonymous_1)
FN:21,(anonymous_2)
FN:75,(anonymous_3)
FN:76,(anonymous_4)
FN:82,(anonymous_5)
FN:83,(anonymous_6)
FN:91,(anonymous_7)
FN:96,(anonymous_8)
FN:97,(anonymous_9)
FN:103,(anonymous_10)
FN:121,(anonymous_11)
FN:144,(anonymous_12)
FN:156,(anonymous_13)
FN:176,(anonymous_14)
FN:197,(anonymous_15)
FN:208,(anonymous_16)
FN:218,(anonymous_17)
FNF:17
FNH:0
FNDA:0,(anonymous_1)
FNDA:0,(anonymous_2)
FNDA:0,(anonymous_3)
FNDA:0,(anonymous_4)
FNDA:0,(anonymous_5)
FNDA:0,(anonymous_6)
FNDA:0,(anonymous_7)
FNDA:0,(anonymous_8)
FNDA:0,(anonymous_9)
FNDA:0,(anonymous_10)
FNDA:0,(anonymous_11)
FNDA:0,(anonymous_12)
FNDA:0,(anonymous_13)
FNDA:0,(anonymous_14)
FNDA:0,(anonymous_15)
FNDA:0,(anonymous_16)
FNDA:0,(anonymous_17)
DA:1,0
DA:2,0
DA:3,0
DA:4,0
DA:6,0
DA:8,0
DA:13,0
DA:14,0
DA:25,0
DA:26,0
DA:27,0
DA:28,0
DA:31,0
DA:34,0
DA:37,0
DA:40,0
DA:41,0
DA:43,0
DA:55,0
DA:66,0
DA:68,0
DA:76,0
DA:77,0
DA:82,0
DA:83,0
DA:96,0
DA:97,0
DA:98,0
DA:99,0
DA:100,0
DA:103,0
DA:104,0
DA:105,0
DA:106,0
DA:109,0
DA:123,0
DA:124,0
DA:128,0
DA:129,0
DA:133,0
DA:134,0
DA:135,0
DA:137,0
DA:145,0
DA:146,0
DA:149,0
DA:157,0
DA:158,0
DA:160,0
DA:162,0
DA:165,0
DA:167,0
DA:169,0
DA:177,0
DA:178,0
DA:180,0
DA:181,0
DA:182,0
DA:184,0
DA:185,0
DA:186,0
DA:190,0
DA:198,0
DA:199,0
DA:201,0
DA:209,0
DA:210,0
DA:211,0
DA:212,0
DA:224,0
DA:229,0
DA:230,0
DA:231,0
DA:232,0
DA:233,0
DA:234,0
DA:236,0
DA:237,0
DA:240,0
LF:79
LH:0
BRDA:68,0,0,0
BRDA:68,0,1,0
BRDA:98,1,0,0
BRDA:104,2,0,0
BRDA:110,3,0,0
BRDA:110,3,1,0
BRDA:111,4,0,0
BRDA:111,4,1,0
BRDA:112,5,0,0
BRDA:112,5,1,0
BRDA:123,6,0,0
BRDA:128,7,0,0
BRDA:184,8,0,0
BRDA:210,9,0,0
BRDA:229,10,0,0
BRDA:229,10,1,0
BRDA:232,11,0,0
BRDA:232,11,1,0
BRF:18
BRH:0
end_of_record
TN:
SF:src/services/summarizationService.ts
FN:16,(anonymous_1)
FN:25,(anonymous_2)
FN:88,(anonymous_3)
FN:90,(anonymous_4)
FN:147,(anonymous_5)
FN:158,(anonymous_6)
FN:164,(anonymous_7)
FN:215,(anonymous_8)
FN:233,(anonymous_9)
FN:239,(anonymous_10)
FN:294,(anonymous_11)
FN:311,(anonymous_12)
FN:317,(anonymous_13)
FN:379,(anonymous_14)
FN:382,(anonymous_15)
FN:394,(anonymous_16)
FN:406,(anonymous_17)
FN:416,(anonymous_18)
FN:449,(anonymous_19)
FN:454,(anonymous_20)
FN:468,(anonymous_21)
FN:478,(anonymous_22)
FN:485,(anonymous_23)
FN:517,(anonymous_24)
FN:526,(anonymous_25)
FNF:25
FNH:0
FNDA:0,(anonymous_1)
FNDA:0,(anonymous_2)
FNDA:0,(anonymous_3)
FNDA:0,(anonymous_4)
FNDA:0,(anonymous_5)
FNDA:0,(anonymous_6)
FNDA:0,(anonymous_7)
FNDA:0,(anonymous_8)
FNDA:0,(anonymous_9)
FNDA:0,(anonymous_10)
FNDA:0,(anonymous_11)
FNDA:0,(anonymous_12)
FNDA:0,(anonymous_13)
FNDA:0,(anonymous_14)
FNDA:0,(anonymous_15)
FNDA:0,(anonymous_16)
FNDA:0,(anonymous_17)
FNDA:0,(anonymous_18)
FNDA:0,(anonymous_19)
FNDA:0,(anonymous_20)
FNDA:0,(anonymous_21)
FNDA:0,(anonymous_22)
FNDA:0,(anonymous_23)
FNDA:0,(anonymous_24)
FNDA:0,(anonymous_25)
DA:1,0
DA:2,0
DA:11,0
DA:13,0
DA:17,0
DA:29,0
DA:30,0
DA:33,0
DA:36,0
DA:53,0
DA:56,0
DA:62,0
DA:79,0
DA:81,0
DA:89,0
DA:91,0
DA:92,0
DA:93,0
DA:97,0
DA:98,0
DA:120,0
DA:148,0
DA:149,0
DA:151,0
DA:162,0
DA:163,0
DA:164,0
DA:167,0
DA:195,0
DA:212,0
DA:213,0
DA:215,0
DA:225,0
DA:226,0
DA:237,0
DA:238,0
DA:239,0
DA:242,0
DA:274,0
DA:291,0
DA:292,0
DA:294,0
DA:303,0
DA:304,0
DA:315,0
DA:316,0
DA:317,0
DA:320,0
DA:342,0
DA:359,0
DA:361,0
DA:367,0
DA:368,0
DA:380,0
DA:382,0
DA:383,0
DA:384,0
DA:388,0
DA:398,0
DA:399,0
DA:406,0
DA:416,0
DA:421,0
DA:439,0
DA:441,0
DA:442,0
DA:454,0
DA:455,0
DA:458,0
DA:472,0
DA:473,0
DA:478,0
DA:485,0
DA:489,0
DA:506,0
DA:507,0
DA:509,0
DA:510,0
DA:518,0
DA:519,0
DA:520,0
DA:531,0
DA:532,0
DA:535,0
DA:536,0
DA:537,0
DA:540,0
DA:541,0
DA:542,0
DA:546,0
DA:547,0
DA:548,0
DA:551,0
DA:552,0
DA:553,0
DA:557,0
DA:558,0
DA:559,0
DA:563,0
DA:564,0
DA:565,0
DA:569,0
DA:570,0
DA:571,0
DA:574,0
LF:105
LH:0
BRDA:27,0,0,0
BRDA:53,1,0,0
BRDA:53,1,1,0
BRDA:65,2,0,0
BRDA:65,2,1,0
BRDA:66,3,0,0
BRDA:66,3,1,0
BRDA:67,4,0,0
BRDA:67,4,1,0
BRDA:81,5,0,0
BRDA:81,5,1,0
BRDA:91,6,0,0
BRDA:91,6,1,0
BRDA:97,7,0,0
BRDA:97,7,1,0
BRDA:148,8,0,0
BRDA:148,8,1,0
BRDA:164,9,0,0
BRDA:164,9,1,0
BRDA:167,10,0,0
BRDA:167,10,1,0
BRDA:212,11,0,0
BRDA:212,11,1,0
BRDA:213,12,0,0
BRDA:213,12,1,0
BRDA:213,12,2,0
BRDA:217,13,0,0
BRDA:217,13,1,0
BRDA:218,14,0,0
BRDA:218,14,1,0
BRDA:219,15,0,0
BRDA:219,15,1,0
BRDA:220,16,0,0
BRDA:220,16,1,0
BRDA:242,17,0,0
BRDA:242,17,1,0
BRDA:291,18,0,0
BRDA:291,18,1,0
BRDA:292,19,0,0
BRDA:292,19,1,0
BRDA:296,20,0,0
BRDA:296,20,1,0
BRDA:298,21,0,0
BRDA:298,21,1,0
BRDA:299,22,0,0
BRDA:299,22,1,0
BRDA:300,23,0,0
BRDA:300,23,1,0
BRDA:320,24,0,0
BRDA:320,24,1,0
BRDA:359,25,0,0
BRDA:359,25,1,0
BRDA:362,26,0,0
BRDA:362,26,1,0
BRDA:363,27,0,0
BRDA:363,27,1,0
BRDA:383,28,0,0
BRDA:396,29,0,0
BRDA:399,30,0,0
BRDA:399,30,1,0
BRDA:426,31,0,0
BRDA:426,31,1,0
BRDA:439,32,0,0
BRDA:439,32,1,0
BRDA:455,33,0,0
BRDA:455,33,1,0
BRDA:470,34,0,0
BRDA:473,35,0,0
BRDA:473,35,1,0
BRDA:506,36,0,0
BRDA:506,36,1,0
BRDA:507,37,0,0
BRDA:507,37,1,0
BRDA:507,37,2,0
BRDA:535,38,0,0
BRDA:540,39,0,0
BRDA:546,40,0,0
BRDA:551,41,0,0
BRDA:557,42,0,0
BRDA:563,43,0,0
BRDA:569,44,0,0
BRF:81
BRH:0
end_of_record
